{
  "RSpec": {
    "coverage": {
      "/Users/davidkassin/1module/enigma/spec/enigma_spec.rb": {
        "lines": [
          1,
          1,
          1,
          1,
          null,
          1,
          1,
          0,
          null,
          0,
          0,
          0,
          0,
          0,
          null,
          null,
          1,
          0,
          null,
          null,
          0,
          null,
          null,
          1,
          0,
          null,
          0,
          null,
          null,
          1,
          0,
          null,
          0,
          null,
          null,
          1,
          0,
          null,
          0,
          0,
          null,
          null,
          null,
          null,
          null
        ]
      },
      "/Users/davidkassin/1module/enigma/spec/key_spec.rb": {
        "lines": [

        ]
      }
    },
    "timestamp": 1636814262
  }
}
